C:\Program Files\Microsoft Visual Studio\2022\Community\MSBuild\Microsoft\VC\v170\Microsoft.CppBuild.targets(534,5): warning MSB8028: промежуточный каталог (Debug\) содержит файлы, которые используются совместно с другим проектом (gtest.vcxproj, test_utmatrix.vcxproj).  Это может привести к ошибкам очистки и перестроения.
cl : командная строка  warning D9035: использование параметра "Gm" нежелательно, он будет удален в следующих выпусках
  sample_matrix.cpp
D:\study\forcpp\informatics\yaziki_i_metodi\git_labs\mp2-lab2-matrix\include\utmatrix.h(136,23): warning C4018: <: несоответствие типов со знаком и без знака
D:\study\forcpp\informatics\yaziki_i_metodi\git_labs\mp2-lab2-matrix\include\utmatrix.h(129): message : во время компиляции функции-члена класс шаблон "TVector<ValType> &TVector<ValType>::operator =(const TVector<ValType> &)"
          with
          [
              ValType=int
          ]
D:\study\forcpp\informatics\yaziki_i_metodi\git_labs\mp2-lab2-matrix\include\utmatrix.h(80): message : выполняется компиляция ссылки на экземпляр шаблон функции "TVector<ValType> &TVector<ValType>::operator =(const TVector<ValType> &)"
          with
          [
              ValType=int
          ]
D:\study\forcpp\informatics\yaziki_i_metodi\git_labs\mp2-lab2-matrix\include\utmatrix.h(64): message : во время компиляции функции-члена класс шаблон "TVector<ValType>::TVector(int,int)"
          with
          [
              ValType=int
          ]
D:\study\forcpp\informatics\yaziki_i_metodi\git_labs\mp2-lab2-matrix\include\utmatrix.h(214): message : выполняется компиляция ссылки на экземпляр шаблон функции "TVector<ValType>::TVector(int,int)"
          with
          [
              ValType=int
          ]
D:\study\forcpp\informatics\yaziki_i_metodi\git_labs\mp2-lab2-matrix\include\utmatrix.h(86): message : во время компиляции функции-члена класс шаблон "TVector<ValType>::~TVector(void)"
          with
          [
              ValType=int
          ]
D:\study\forcpp\informatics\yaziki_i_metodi\git_labs\mp2-lab2-matrix\include\utmatrix.h(60): message : выполняется компиляция ссылки на экземпляр шаблон функции "TVector<ValType>::~TVector(void)"
          with
          [
              ValType=int
          ]
D:\study\forcpp\informatics\yaziki_i_metodi\git_labs\mp2-lab2-matrix\include\utmatrix.h(92): message : во время компиляции функции-члена класс шаблон "ValType &TVector<ValType>::operator [](int)"
          with
          [
              ValType=int
          ]
D:\study\forcpp\informatics\yaziki_i_metodi\git_labs\mp2-lab2-matrix\samples\sample_matrix.cpp(23): message : выполняется компиляция ссылки на экземпляр шаблон функции "ValType &TVector<ValType>::operator [](int)"
          with
          [
              ValType=int
          ]
D:\study\forcpp\informatics\yaziki_i_metodi\git_labs\mp2-lab2-matrix\samples\sample_matrix.cpp(23): message : выполняется компиляция ссылки на экземпляр класс шаблон функции "TVector<ValType>"
          with
          [
              ValType=int
          ]
D:\study\forcpp\informatics\yaziki_i_metodi\git_labs\mp2-lab2-matrix\include\utmatrix.h(119,23): warning C4018: <: несоответствие типов со знаком и без знака
D:\study\forcpp\informatics\yaziki_i_metodi\git_labs\mp2-lab2-matrix\include\utmatrix.h(115): message : во время компиляции функции-члена класс шаблон "bool TVector<ValType>::operator !=(const TVector<ValType> &) const"
          with
          [
              ValType=int
          ]
D:\study\forcpp\informatics\yaziki_i_metodi\git_labs\mp2-lab2-matrix\include\utmatrix.h(130): message : выполняется компиляция ссылки на экземпляр шаблон функции "bool TVector<ValType>::operator !=(const TVector<ValType> &) const"
          with
          [
              ValType=int
          ]
D:\study\forcpp\informatics\yaziki_i_metodi\git_labs\mp2-lab2-matrix\include\utmatrix.h(129): message : во время компиляции функции-члена класс шаблон "TVector<ValType> &TVector<ValType>::operator =(const TVector<ValType> &)"
          with
          [
              ValType=int
          ]
D:\study\forcpp\informatics\yaziki_i_metodi\git_labs\mp2-lab2-matrix\include\utmatrix.h(80): message : выполняется компиляция ссылки на экземпляр шаблон функции "TVector<ValType> &TVector<ValType>::operator =(const TVector<ValType> &)"
          with
          [
              ValType=int
          ]
  sample_utmatrix.vcxproj -> D:\study\forcpp\informatics\yaziki_i_metodi\git_labs\mp2-lab2-matrix\sln\vc10\Debug\sample_utmatrix.exe
